Extract: 1.jpg... 100%
Extract: 2.jpg... 100%
Extract: 3.jpg... 100%
Extract: JoyToAny - Verknüpfung.lnk... 100%
Extract: PEcubes10.png
Extract: VehicleReg2003to2004rrimg.jpg... 100%
Extract: WindowsSideShowManagedRuntime.msi... 100%
Extract: artwork_images_588_236529_victor-vasarely.jpg... 100%
Extract: clipboard03.jpg... 100%
Extract: font1l.PNG... 100%
Extract: muybridge_01.jpg... 100%
Extract: muybridge_02.jpg... 100%
Extract: muybridge_03.jpg... 100%
Extract: muybridge_04.jpg... 100%
Extract: muybridge_05.jpg... 100%
Extract: muybridge_06.jpg... 100%
Extract: muybridge_07.jpg... 100%
Extract: muybridge_08.jpg... 100%
Extract: muybridge_09.jpg... 100%
Extract: muybridge_10.jpg... 100%
Extract: muybridge_11.jpg... 100%
Extract: muybridge_12.jpg... 100%
Extract: muybridge_13.jpg... 100%
Extract: muybridge_14.jpg... 100%
Extract: muybridge_15.jpg... 100%
Extract: table.bmp... 100%
Extract: time stamp.JPG... 100%
escher2.JPG... 100%
Extract: escher3.JPG... 100%
Extract: escher4.JPG... 100%
Extract: escher5.JPG... 100%
Extract: escher6.JPG... 100%
Extract: escher7.JPG... 100%
Extract: escher8.JPG... 100%
Extract: escher9.JPG... 100%
Extract: facade01.jpg... 100%
Extract: grad16.jpg... 100%
Extract: hardcore.jpg... 100%
Extract: heart.jpg... 100%
Extract: idt.gif... 100%
Extract: inspiration_.jpg... 100%
Extract: inspiration_orig.jpg... 100%
Extract: kaite.jpg... 100%
Extract: kofie_artwork.jpg... 100%
Extract: lake-768.jpg... 100%
Extract: lichen.jpg... 100%
Extract: lolwut.jpg... 100%
Extract: lolwutlq.jpg... 100%
Extract: lovetechno.jpg... 100%
Extract: manyfish.jpg... 100%
Extract: mayday.jpg... 100%
Extract: moon_fairy01b.jpg... 100%
Extract: mysteryland.jpg... 100%
Extract: nakamura1.jpg... 100%
Extract: nakamura10.jpg... 100%
Extract: nakamura2.jpg... 100%
Extract: nakamura3.jpg... 100%
Extract: nakamura4.jpg... 100%
Extract: nakamura5.jpg... 100%
Extract: nakamura6.jpg... 100%
Extract: nakamura7.jpg... 100%
Extract: nakamura8.jpg... 100%
Extract: nakamura9.jpg... 100%
Extract: naruto.jpg... 100%
Extract: natureone.jpg... 100%
Extract: negativ_005.jpg... 100%
Extract: neophyte.jpg... 100%
Extract: onefish.jpg... 100%
Extract: pano_earth_spec.jpg... 100%
Extract: paper.jpg... 100%
Extract: plane.png... 100%
Extract: polar_chess.png... 100%
Extract: portal.jpg... 100%
Extract: portal.jpg.jpg... 100%
Extract: prayerwheel.jpg... 100%
Extract: rave-o-lution1.jpg... 100%
Extract: ravemaster.jpg... 100%
Extract: ravermeister.jpg... 100%
Extract: rotsnake.gif... 100%
Extract: rterror.jpg... 100%
Extract: ruin.jpg... 100%
Extract: seaweed.jpg... 100%
Extract: serdar6b.jpg... 100%
Extract: sky.jpg... 100%
Extract: smalltiled_colors3.jpg... 100%
Extract: smalltiled_electric_nebula.jpg... 100%
Extract: smalltiled_ensign_meat.jpg... 100%
Extract: smalltiled_lizard_scales.jpg... 100%
Extract: some_flags_build_armies.jpg... 100%
Extract: some_flags_build_armies2.jpg... 100%
Extract: sunrise.jpg... 100%
Extract: sunset01_.jpg... 100%
Extract: sunset01_orig.jpg... 100%
Extract: sunset03_.jpg... 100%
Extract: sunset03_orig.jpg... 100%
Extract: thunderdome.jpg... 100%
Extract: thunderdome12.jpg... 100%
Extract: thunderdome14.jpg... 100%
Extract: turbo2.jpg... 100%
Extract: wizard.jpg... 100%
Extract: wizard2.jpg... 100%
Extract: wrenches.jpg... 100%
